TCP_Test/app/build/intermediates/manifest_merge_blame_file/debug/manifest-merger-blame-debug-report.txt
1<?xml version="1.0" encoding="utf-8"?>
2<manifest xmlns:android="http://schemas.android.com/apk/res/android"
3    package="com.example.tcp_test"
4    android:versionCode="1"
5    android:versionName="1.0" >
6
7    <uses-sdk
8        android:minSdkVersion="16"
8-->src\main\AndroidManifest.xml
9        android:targetSdkVersion="30" />
9-->src\main\AndroidManifest.xml
10
11    <uses-feature android:name="android.hardware.camera" />
11-->src\main\AndroidManifest.xml:5:5-60
11-->src\main\AndroidManifest.xml:5:19-57
12    <uses-feature android:name="android.hardware.camera.autofocus" />
12-->src\main\AndroidManifest.xml:6:5-70
12-->src\main\AndroidManifest.xml:6:19-67
13
14    <uses-permission android:name="android.permission.VIBRATE" /> <!-- 读手机内容的权限 -->
14-->src\main\AndroidManifest.xml:8:5-66
14-->src\main\AndroidManifest.xml:8:22-63
15    <uses-permission android:name="android.permission.READ_PHONE_STATE" />
15-->src\main\AndroidManifest.xml:9:5-75
15-->src\main\AndroidManifest.xml:9:22-72
16    <uses-permission android:name="android.permission.INTERNET" />
16-->src\main\AndroidManifest.xml:10:5-67
16-->src\main\AndroidManifest.xml:10:22-64
17    <uses-permission android:name="android.permission.CAMERA" />
17-->src\main\AndroidManifest.xml:11:5-65
17-->src\main\AndroidManifest.xml:11:22-62
18    <uses-permission android:name="android.permission.WRITE_EXTERNAL_STORAGE" />
18-->src\main\AndroidManifest.xml:12:5-81
18-->src\main\AndroidManifest.xml:12:22-78
19    <uses-permission android:name="android.permission.ACCESS_WIFI_STATE" />
19-->src\main\AndroidManifest.xml:13:5-76
19-->src\main\AndroidManifest.xml:13:22-73
20    <uses-permission android:name="android.permission.ACCESS_NETWORK_STATE" />
20-->src\main\AndroidManifest.xml:14:5-79
20-->src\main\AndroidManifest.xml:14:22-76
21    <uses-permission android:name="android.permission.CHANGE_WIFI_MULTICAST_STATE" />
21-->src\main\AndroidManifest.xml:15:5-86
21-->src\main\AndroidManifest.xml:15:22-83
22    <uses-permission android:name="android.permission.CHANGE_WIFI_STATE" />
22-->src\main\AndroidManifest.xml:16:5-76
22-->src\main\AndroidManifest.xml:16:22-73
23    <uses-permission android:name="android.permission.REQUEST_INSTALL_PACKAGES" />
23-->src\main\AndroidManifest.xml:17:5-83
23-->src\main\AndroidManifest.xml:17:22-80
24    <uses-permission android:name="android.permission.ACCESS_FINE_LOCATION" />
24-->src\main\AndroidManifest.xml:18:5-79
24-->src\main\AndroidManifest.xml:18:22-76
25
26    <application
26-->src\main\AndroidManifest.xml:20:5-37:19
27        android:allowBackup="true"
27-->src\main\AndroidManifest.xml:21:9-35
28        android:appComponentFactory="androidx.core.app.CoreComponentFactory"
28-->[androidx.core:core:1.3.1] AndroidManifest.xml:24:18-86
29        android:debuggable="true"
30        android:icon="@mipmap/ic_launcher"
30-->src\main\AndroidManifest.xml:22:9-43
31        android:label="@string/app_name"
31-->src\main\AndroidManifest.xml:23:9-41
32        android:roundIcon="@mipmap/ic_launcher_round"
32-->src\main\AndroidManifest.xml:24:9-54
33        android:supportsRtl="true"
33-->src\main\AndroidManifest.xml:25:9-35
34        android:testOnly="true"
35        android:theme="@style/Theme.TCP_Test" >
35-->src\main\AndroidManifest.xml:26:9-46
36        <activity android:name="com.example.tcp_test.PastDataActivity" />
36-->src\main\AndroidManifest.xml:27:9-63
36-->src\main\AndroidManifest.xml:27:19-51
37        <activity android:name="com.example.tcp_test.HistoryActivity" />
37-->src\main\AndroidManifest.xml:28:9-53
37-->src\main\AndroidManifest.xml:28:19-50
38        <activity android:name="com.example.tcp_test.DeviceControl" />
38-->src\main\AndroidManifest.xml:29:9-51
38-->src\main\AndroidManifest.xml:29:19-48
39        <activity android:name="com.example.tcp_test.MainActivity" >
39-->src\main\AndroidManifest.xml:30:9-36:20
39-->src\main\AndroidManifest.xml:30:19-47
40            <intent-filter>
40-->src\main\AndroidManifest.xml:31:13-35:29
41                <action android:name="android.intent.action.MAIN" />
41-->src\main\AndroidManifest.xml:32:17-69
41-->src\main\AndroidManifest.xml:32:25-66
42
43                <category android:name="android.intent.category.LAUNCHER" />
43-->src\main\AndroidManifest.xml:34:17-77
43-->src\main\AndroidManifest.xml:34:27-74
44            </intent-filter>
45        </activity>
46    </application>
47
48</manifest>